This file contains any messages produced by compilers while
running configure, to aid debugging if configure makes a mistake.

It was created by tcsh configure 6.24.00, which was
generated by GNU Autoconf 2.71.  Invocation command line was

  $ ./configure

## --------- ##
## Platform. ##
## --------- ##

hostname = ktotonokto
uname -m = x86_64
uname -r = 6.12.21-gentoo-x86_64
uname -s = Linux
uname -v = #1 SMP PREEMPT_DYNAMIC Thu May  8 20:19:23 MSK 2025

/usr/bin/uname -p = AMD Ryzen 7 1800X Eight-Core Processor
/bin/uname -X     = unknown

/bin/arch              = x86_64
/usr/bin/arch -k       = unknown
/usr/convex/getsysinfo = unknown
/usr/bin/hostinfo      = unknown
/bin/machine           = unknown
/usr/bin/oslevel       = unknown
/bin/universe          = unknown

PATH: /usr/local/sbin/
PATH: /usr/local/bin/
PATH: /usr/sbin/
PATH: /usr/bin/
PATH: /sbin/
PATH: /bin/
PATH: /opt/bin/


## ----------- ##
## Core tests. ##
## ----------- ##

configure:2768: looking for aux files: config.rpath config.guess config.sub install-sh
configure:2781:  trying ./
configure:2810:   ./config.rpath found
configure:2810:   ./config.guess found
configure:2810:   ./config.sub found
configure:2792:   ./install-sh found
configure:2944: checking for a BSD-compatible install
configure:3017: result: /usr/bin/install -c
configure:3034: checking build system type
configure:3049: result: x86_64-pc-linux-gnu
configure:3069: checking host system type
configure:3083: result: x86_64-pc-linux-gnu
configure:3182: checking for gcc
configure:3203: found /usr/sbin/gcc
configure:3214: result: gcc
configure:3567: checking for C compiler version
configure:3576: gcc --version >&5
gcc (Gentoo 14.2.1_p20241221 p7) 14.2.1 20241221
Copyright (C) 2024 Free Software Foundation, Inc.
This is free software; see the source for copying conditions.  There is NO
warranty; not even for MERCHANTABILITY or FITNESS FOR A PARTICULAR PURPOSE.

configure:3587: $? = 0
configure:3576: gcc -v >&5
Using built-in specs.
COLLECT_GCC=gcc
COLLECT_LTO_WRAPPER=/usr/libexec/gcc/x86_64-pc-linux-gnu/14/lto-wrapper
OFFLOAD_TARGET_NAMES=nvptx-none
OFFLOAD_TARGET_DEFAULT=1
Target: x86_64-pc-linux-gnu
Configured with: /var/tmp/portage/sys-devel/gcc-14.2.1_p20241221/work/gcc-14-20241221/configure --host=x86_64-pc-linux-gnu --build=x86_64-pc-linux-gnu --prefix=/usr --bindir=/usr/x86_64-pc-linux-gnu/gcc-bin/14 --includedir=/usr/lib/gcc/x86_64-pc-linux-gnu/14/include --datadir=/usr/share/gcc-data/x86_64-pc-linux-gnu/14 --mandir=/usr/share/gcc-data/x86_64-pc-linux-gnu/14/man --infodir=/usr/share/gcc-data/x86_64-pc-linux-gnu/14/info --with-gxx-include-dir=/usr/lib/gcc/x86_64-pc-linux-gnu/14/include/g++-v14 --disable-silent-rules --disable-dependency-tracking --with-python-dir=/share/gcc-data/x86_64-pc-linux-gnu/14/python --enable-languages=c,c++,fortran --enable-obsolete --enable-secureplt --disable-werror --with-system-zlib --enable-nls --without-included-gettext --disable-libunwind-exceptions --enable-checking=release --with-bugurl=https://bugs.gentoo.org/ --with-pkgversion='Gentoo 14.2.1_p20241221 p7' --with-gcc-major-version-only --enable-libstdcxx-time --enable-lto --disable-libstdcxx-pch --enable-shared --enable-threads=posix --enable-__cxa_atexit --enable-clocale=gnu --enable-multilib --with-multilib-list=m32,m64 --disable-fixed-point --enable-targets=all --enable-offload-defaulted --enable-offload-targets=nvptx-none --enable-libgomp --disable-libssp --disable-libada --enable-cet --disable-systemtap --disable-valgrind-annotations --disable-vtable-verify --disable-libvtv --with-zstd --without-isl --enable-default-pie --enable-host-pie --enable-host-bind-now --enable-default-ssp --disable-fixincludes --with-build-config=bootstrap-cet
Thread model: posix
Supported LTO compression algorithms: zlib zstd
gcc version 14.2.1 20241221 (Gentoo 14.2.1_p20241221 p7) 
... rest of stderr output deleted ...
configure:3587: $? = 0
configure:3576: gcc -V >&5
gcc: error: unrecognized command-line option '-V'
gcc: fatal error: no input files
compilation terminated.
configure:3587: $? = 1
configure:3576: gcc -qversion >&5
gcc: error: unrecognized command-line option '-qversion'; did you mean '--version'?
gcc: fatal error: no input files
compilation terminated.
configure:3587: $? = 1
configure:3576: gcc -version >&5
gcc: error: unrecognized command-line option '-version'
gcc: fatal error: no input files
compilation terminated.
configure:3587: $? = 1
configure:3607: checking whether the C compiler works
configure:3629: gcc    conftest.c  >&5
configure:3633: $? = 0
configure:3683: result: yes
configure:3686: checking for C compiler default output file name
configure:3688: result: a.out
configure:3694: checking for suffix of executables
configure:3701: gcc -o conftest    conftest.c  >&5
configure:3705: $? = 0
configure:3728: result: 
configure:3750: checking whether we are cross compiling
configure:3758: gcc -o conftest    conftest.c  >&5
configure:3762: $? = 0
configure:3769: ./conftest
configure:3773: $? = 0
configure:3788: result: no
configure:3793: checking for suffix of object files
configure:3816: gcc -c   conftest.c >&5
configure:3820: $? = 0
configure:3842: result: o
configure:3846: checking whether the compiler supports GNU C
configure:3866: gcc -c   conftest.c >&5
configure:3866: $? = 0
configure:3876: result: yes
configure:3887: checking whether gcc accepts -g
configure:3908: gcc -c -g  conftest.c >&5
configure:3908: $? = 0
configure:3952: result: yes
configure:3972: checking for gcc option to enable C11 features
configure:3987: gcc  -c -g -O2  conftest.c >&5
configure:3987: $? = 0
configure:4005: result: none needed
configure:4143: checking for ld used by gcc
configure:4271: result: /usr/x86_64-pc-linux-gnu/bin/ld
configure:4278: checking if the linker (/usr/x86_64-pc-linux-gnu/bin/ld) is GNU ld
configure:4294: result: yes
configure:4303: checking for shared library run path origin
configure:4317: result: done
configure:4339: checking 32-bit host C ABI
configure:4406: gcc -c -g -O2  conftest.c >&5
configure:4406: $? = 0
configure:4602: result: no
configure:4612: checking how to run the C preprocessor
configure:4638: gcc -E  conftest.c
configure:4638: $? = 0
configure:4653: gcc -E  conftest.c
conftest.c:9:10: fatal error: ac_nonexistent.h: No such file or directory
    9 | #include <ac_nonexistent.h>
      |          ^~~~~~~~~~~~~~~~~~
compilation terminated.
configure:4653: $? = 1
configure: failed program was:
| /* confdefs.h */
| #define PACKAGE_NAME "tcsh"
| #define PACKAGE_TARNAME "tcsh"
| #define PACKAGE_VERSION "6.24.00"
| #define PACKAGE_STRING "tcsh 6.24.00"
| #define PACKAGE_BUGREPORT "https://bugs.astron.com/"
| #define PACKAGE_URL ""
| /* end confdefs.h.  */
| #include <ac_nonexistent.h>
configure:4680: result: gcc -E
configure:4694: gcc -E  conftest.c
configure:4694: $? = 0
configure:4709: gcc -E  conftest.c
conftest.c:9:10: fatal error: ac_nonexistent.h: No such file or directory
    9 | #include <ac_nonexistent.h>
      |          ^~~~~~~~~~~~~~~~~~
compilation terminated.
configure:4709: $? = 1
configure: failed program was:
| /* confdefs.h */
| #define PACKAGE_NAME "tcsh"
| #define PACKAGE_TARNAME "tcsh"
| #define PACKAGE_VERSION "6.24.00"
| #define PACKAGE_STRING "tcsh 6.24.00"
| #define PACKAGE_BUGREPORT "https://bugs.astron.com/"
| #define PACKAGE_URL ""
| /* end confdefs.h.  */
| #include <ac_nonexistent.h>
configure:4740: checking for grep that handles long lines and -e
configure:4804: result: /usr/sbin/grep
configure:4809: checking for egrep
configure:4877: result: /usr/sbin/grep -E
configure:4886: checking for ELF binary format
configure:4910: result: yes
configure:4959: checking for the common suffixes of directories in the library search path
configure:5028: result: lib,lib,lib64
configure:5553: checking for iconv
configure:5578: gcc -o conftest -g -O2   conftest.c  >&5
configure:5578: $? = 0
configure:5614: result: yes
configure:5617: checking for working iconv
configure:5760: gcc -o conftest -g -O2   conftest.c  >&5
configure:5760: $? = 0
configure:5760: ./conftest
configure:5760: $? = 0
configure:5773: result: yes
configure:5801: checking for iconv declaration
configure:5831: gcc -c -g -O2  conftest.c >&5
configure:5831: $? = 0
configure:5842: result:
         extern size_t iconv (iconv_t cd, char * *inbuf, size_t *inbytesleft, char * *outbuf, size_t *outbytesleft);
configure:5855: checking cached host tuple
configure:5863: result: ok
configure:6172: checking for gcc
configure:6204: result: gcc
configure:6557: checking for C compiler version
configure:6566: gcc --version >&5
gcc (Gentoo 14.2.1_p20241221 p7) 14.2.1 20241221
Copyright (C) 2024 Free Software Foundation, Inc.
This is free software; see the source for copying conditions.  There is NO
warranty; not even for MERCHANTABILITY or FITNESS FOR A PARTICULAR PURPOSE.

configure:6577: $? = 0
configure:6566: gcc -v >&5
Using built-in specs.
COLLECT_GCC=gcc
COLLECT_LTO_WRAPPER=/usr/libexec/gcc/x86_64-pc-linux-gnu/14/lto-wrapper
OFFLOAD_TARGET_NAMES=nvptx-none
OFFLOAD_TARGET_DEFAULT=1
Target: x86_64-pc-linux-gnu
Configured with: /var/tmp/portage/sys-devel/gcc-14.2.1_p20241221/work/gcc-14-20241221/configure --host=x86_64-pc-linux-gnu --build=x86_64-pc-linux-gnu --prefix=/usr --bindir=/usr/x86_64-pc-linux-gnu/gcc-bin/14 --includedir=/usr/lib/gcc/x86_64-pc-linux-gnu/14/include --datadir=/usr/share/gcc-data/x86_64-pc-linux-gnu/14 --mandir=/usr/share/gcc-data/x86_64-pc-linux-gnu/14/man --infodir=/usr/share/gcc-data/x86_64-pc-linux-gnu/14/info --with-gxx-include-dir=/usr/lib/gcc/x86_64-pc-linux-gnu/14/include/g++-v14 --disable-silent-rules --disable-dependency-tracking --with-python-dir=/share/gcc-data/x86_64-pc-linux-gnu/14/python --enable-languages=c,c++,fortran --enable-obsolete --enable-secureplt --disable-werror --with-system-zlib --enable-nls --without-included-gettext --disable-libunwind-exceptions --enable-checking=release --with-bugurl=https://bugs.gentoo.org/ --with-pkgversion='Gentoo 14.2.1_p20241221 p7' --with-gcc-major-version-only --enable-libstdcxx-time --enable-lto --disable-libstdcxx-pch --enable-shared --enable-threads=posix --enable-__cxa_atexit --enable-clocale=gnu --enable-multilib --with-multilib-list=m32,m64 --disable-fixed-point --enable-targets=all --enable-offload-defaulted --enable-offload-targets=nvptx-none --enable-libgomp --disable-libssp --disable-libada --enable-cet --disable-systemtap --disable-valgrind-annotations --disable-vtable-verify --disable-libvtv --with-zstd --without-isl --enable-default-pie --enable-host-pie --enable-host-bind-now --enable-default-ssp --disable-fixincludes --with-build-config=bootstrap-cet
Thread model: posix
Supported LTO compression algorithms: zlib zstd
gcc version 14.2.1 20241221 (Gentoo 14.2.1_p20241221 p7) 
... rest of stderr output deleted ...
configure:6577: $? = 0
configure:6566: gcc -V >&5
gcc: error: unrecognized command-line option '-V'
gcc: fatal error: no input files
compilation terminated.
configure:6577: $? = 1
configure:6566: gcc -qversion >&5
gcc: error: unrecognized command-line option '-qversion'; did you mean '--version'?
gcc: fatal error: no input files
compilation terminated.
configure:6577: $? = 1
configure:6566: gcc -version >&5
gcc: error: unrecognized command-line option '-version'
gcc: fatal error: no input files
compilation terminated.
configure:6577: $? = 1
configure:6581: checking whether the compiler supports GNU C
configure:6611: result: yes
configure:6622: checking whether gcc accepts -g
configure:6687: result: yes
configure:6707: checking for gcc option to enable C11 features
configure:6740: result: none needed
configure:6855: checking how to run the C preprocessor
configure:6923: result: gcc -E
configure:6937: gcc -E  conftest.c
configure:6937: $? = 0
configure:6952: gcc -E  conftest.c
conftest.c:11:10: fatal error: ac_nonexistent.h: No such file or directory
   11 | #include <ac_nonexistent.h>
      |          ^~~~~~~~~~~~~~~~~~
compilation terminated.
configure:6952: $? = 1
configure: failed program was:
| /* confdefs.h */
| #define PACKAGE_NAME "tcsh"
| #define PACKAGE_TARNAME "tcsh"
| #define PACKAGE_VERSION "6.24.00"
| #define PACKAGE_STRING "tcsh 6.24.00"
| #define PACKAGE_BUGREPORT "https://bugs.astron.com/"
| #define PACKAGE_URL ""
| #define HAVE_ICONV 1
| #define ICONV_CONST 
| /* end confdefs.h.  */
| #include <ac_nonexistent.h>
configure:6983: checking whether gcc needs -traditional
configure:7020: result: no
configure:7030: checking for gencat
configure:7053: found /usr/sbin/gencat
configure:7065: result: /usr/sbin/gencat
configure:7093: checking for library containing crypt
configure:7123: gcc -o conftest -g -O2   conftest.c  >&5
/usr/lib/gcc/x86_64-pc-linux-gnu/14/../../../../x86_64-pc-linux-gnu/bin/ld: /tmp/ccvUEZ6V.o: in function `main':
/home/lomaster/Cfg/apps/tcsh/conftest.c:19:(.text.startup+0xb): undefined reference to `crypt'
collect2: error: ld returned 1 exit status
configure:7123: $? = 1
configure: failed program was:
| /* confdefs.h */
| #define PACKAGE_NAME "tcsh"
| #define PACKAGE_TARNAME "tcsh"
| #define PACKAGE_VERSION "6.24.00"
| #define PACKAGE_STRING "tcsh 6.24.00"
| #define PACKAGE_BUGREPORT "https://bugs.astron.com/"
| #define PACKAGE_URL ""
| #define HAVE_ICONV 1
| #define ICONV_CONST 
| /* end confdefs.h.  */
| 
| /* Override any GCC internal prototype to avoid an error.
|    Use char because int might match the return type of a GCC
|    builtin and then its argument prototype would still apply.  */
| char crypt ();
| int
| main (void)
| {
| return crypt ();
|   ;
|   return 0;
| }
configure:7123: gcc -o conftest -g -O2   conftest.c -lcrypt   >&5
configure:7123: $? = 0
configure:7143: result: -lcrypt
configure:7152: checking for library containing getspnam
configure:7182: gcc -o conftest -g -O2   conftest.c -lcrypt  >&5
configure:7182: $? = 0
configure:7202: result: none required
configure:7211: checking for library containing tgetent
configure:7241: gcc -o conftest -g -O2   conftest.c -lcrypt  >&5
/usr/lib/gcc/x86_64-pc-linux-gnu/14/../../../../x86_64-pc-linux-gnu/bin/ld: /tmp/ccMkR27O.o: in function `main':
/home/lomaster/Cfg/apps/tcsh/conftest.c:19:(.text.startup+0xb): undefined reference to `tgetent'
collect2: error: ld returned 1 exit status
configure:7241: $? = 1
configure: failed program was:
| /* confdefs.h */
| #define PACKAGE_NAME "tcsh"
| #define PACKAGE_TARNAME "tcsh"
| #define PACKAGE_VERSION "6.24.00"
| #define PACKAGE_STRING "tcsh 6.24.00"
| #define PACKAGE_BUGREPORT "https://bugs.astron.com/"
| #define PACKAGE_URL ""
| #define HAVE_ICONV 1
| #define ICONV_CONST 
| /* end confdefs.h.  */
| 
| /* Override any GCC internal prototype to avoid an error.
|    Use char because int might match the return type of a GCC
|    builtin and then its argument prototype would still apply.  */
| char tgetent ();
| int
| main (void)
| {
| return tgetent ();
|   ;
|   return 0;
| }
configure:7241: gcc -o conftest -g -O2   conftest.c -ltermlib  -lcrypt  >&5
/usr/lib/gcc/x86_64-pc-linux-gnu/14/../../../../x86_64-pc-linux-gnu/bin/ld: cannot find -ltermlib: No such file or directory
collect2: error: ld returned 1 exit status
configure:7241: $? = 1
configure: failed program was:
| /* confdefs.h */
| #define PACKAGE_NAME "tcsh"
| #define PACKAGE_TARNAME "tcsh"
| #define PACKAGE_VERSION "6.24.00"
| #define PACKAGE_STRING "tcsh 6.24.00"
| #define PACKAGE_BUGREPORT "https://bugs.astron.com/"
| #define PACKAGE_URL ""
| #define HAVE_ICONV 1
| #define ICONV_CONST 
| /* end confdefs.h.  */
| 
| /* Override any GCC internal prototype to avoid an error.
|    Use char because int might match the return type of a GCC
|    builtin and then its argument prototype would still apply.  */
| char tgetent ();
| int
| main (void)
| {
| return tgetent ();
|   ;
|   return 0;
| }
configure:7241: gcc -o conftest -g -O2   conftest.c -ltinfo  -lcrypt  >&5
configure:7241: $? = 0
configure:7261: result: -ltinfo
configure:7274: checking for library containing gethostbyname
configure:7304: gcc -o conftest -g -O2   conftest.c -ltinfo -lcrypt  >&5
configure:7304: $? = 0
configure:7324: result: none required
configure:7333: checking for library containing connect
configure:7363: gcc -o conftest -g -O2   conftest.c -ltinfo -lcrypt  >&5
configure:7363: $? = 0
configure:7383: result: none required
configure:7392: checking for library containing catgets
configure:7422: gcc -o conftest -g -O2   conftest.c -ltinfo -lcrypt  >&5
configure:7422: $? = 0
configure:7442: result: none required
configure:7456: checking for stdio.h
configure:7456: gcc -c -g -O2  conftest.c >&5
configure:7456: $? = 0
configure:7456: result: yes
configure:7456: checking for stdlib.h
configure:7456: gcc -c -g -O2  conftest.c >&5
configure:7456: $? = 0
configure:7456: result: yes
configure:7456: checking for string.h
configure:7456: gcc -c -g -O2  conftest.c >&5
configure:7456: $? = 0
configure:7456: result: yes
configure:7456: checking for inttypes.h
configure:7456: gcc -c -g -O2  conftest.c >&5
configure:7456: $? = 0
configure:7456: result: yes
configure:7456: checking for stdint.h
configure:7456: gcc -c -g -O2  conftest.c >&5
configure:7456: $? = 0
configure:7456: result: yes
configure:7456: checking for strings.h
configure:7456: gcc -c -g -O2  conftest.c >&5
configure:7456: $? = 0
configure:7456: result: yes
configure:7456: checking for sys/stat.h
configure:7456: gcc -c -g -O2  conftest.c >&5
configure:7456: $? = 0
configure:7456: result: yes
configure:7456: checking for sys/types.h
configure:7456: gcc -c -g -O2  conftest.c >&5
configure:7456: $? = 0
configure:7456: result: yes
configure:7456: checking for unistd.h
configure:7456: gcc -c -g -O2  conftest.c >&5
configure:7456: $? = 0
configure:7456: result: yes
configure:7481: checking for auth.h
configure:7481: gcc -c -g -O2  conftest.c >&5
conftest.c:49:10: fatal error: auth.h: No such file or directory
   49 | #include <auth.h>
      |          ^~~~~~~~
compilation terminated.
configure:7481: $? = 1
configure: failed program was:
| /* confdefs.h */
| #define PACKAGE_NAME "tcsh"
| #define PACKAGE_TARNAME "tcsh"
| #define PACKAGE_VERSION "6.24.00"
| #define PACKAGE_STRING "tcsh 6.24.00"
| #define PACKAGE_BUGREPORT "https://bugs.astron.com/"
| #define PACKAGE_URL ""
| #define HAVE_ICONV 1
| #define ICONV_CONST 
| #define HAVE_STDIO_H 1
| #define HAVE_STDLIB_H 1
| #define HAVE_STRING_H 1
| #define HAVE_INTTYPES_H 1
| #define HAVE_STDINT_H 1
| #define HAVE_STRINGS_H 1
| #define HAVE_SYS_STAT_H 1
| #define HAVE_SYS_TYPES_H 1
| #define HAVE_UNISTD_H 1
| #define STDC_HEADERS 1
| /* end confdefs.h.  */
| #include <stddef.h>
| #ifdef HAVE_STDIO_H
| # include <stdio.h>
| #endif
| #ifdef HAVE_STDLIB_H
| # include <stdlib.h>
| #endif
| #ifdef HAVE_STRING_H
| # include <string.h>
| #endif
| #ifdef HAVE_INTTYPES_H
| # include <inttypes.h>
| #endif
| #ifdef HAVE_STDINT_H
| # include <stdint.h>
| #endif
| #ifdef HAVE_STRINGS_H
| # include <strings.h>
| #endif
| #ifdef HAVE_SYS_TYPES_H
| # include <sys/types.h>
| #endif
| #ifdef HAVE_SYS_STAT_H
| # include <sys/stat.h>
| #endif
| #ifdef HAVE_UNISTD_H
| # include <unistd.h>
| #endif
| #include <auth.h>
configure:7481: result: no
configure:7487: checking for crypt.h
configure:7487: gcc -c -g -O2  conftest.c >&5
configure:7487: $? = 0
configure:7487: result: yes
configure:7493: checking for features.h
configure:7493: gcc -c -g -O2  conftest.c >&5
configure:7493: $? = 0
configure:7493: result: yes
configure:7499: checking for inttypes.h
configure:7499: result: yes
configure:7505: checking for paths.h
configure:7505: gcc -c -g -O2  conftest.c >&5
configure:7505: $? = 0
configure:7505: result: yes
configure:7511: checking for shadow.h
configure:7511: gcc -c -g -O2  conftest.c >&5
configure:7511: $? = 0
configure:7511: result: yes
configure:7517: checking for stdint.h
configure:7517: result: yes
configure:7523: checking for utmp.h
configure:7523: gcc -c -g -O2  conftest.c >&5
configure:7523: $? = 0
configure:7523: result: yes
configure:7529: checking for utmpx.h
configure:7529: gcc -c -g -O2  conftest.c >&5
configure:7529: $? = 0
configure:7529: result: yes
configure:7538: checking for wchar.h
configure:7538: gcc -c -g -O2  conftest.c >&5
configure:7538: $? = 0
configure:7538: result: yes
configure:7546: checking size of wchar_t
configure:7552: gcc -o conftest -g -O2   conftest.c -ltinfo -lcrypt  >&5
configure:7552: $? = 0
configure:7552: ./conftest
configure:7552: $? = 0
configure:7569: result: 4
configure:7577: checking for wctype.h
configure:7577: gcc -c -g -O2  conftest.c >&5
configure:7577: $? = 0
configure:7577: result: yes
configure:7590: checking for dirent.h that defines DIR
configure:7610: gcc -c -g -O2  conftest.c >&5
configure:7610: $? = 0
configure:7619: result: yes
configure:7633: checking for library containing opendir
configure:7663: gcc -o conftest -g -O2   conftest.c -ltinfo -lcrypt  >&5
configure:7663: $? = 0
configure:7683: result: none required
configure:7754: checking whether stat file-mode macros are broken
configure:7782: gcc -c -g -O2  conftest.c >&5
configure:7782: $? = 0
configure:7790: result: no
configure:7799: checking for long long
configure:7799: gcc -c -g -O2  conftest.c >&5
configure:7799: $? = 0
configure:7799: gcc -c -g -O2  conftest.c >&5
conftest.c: In function 'main':
conftest.c:64:24: error: expected expression before ')' token
   64 | if (sizeof ((long long)))
      |                        ^
configure:7799: $? = 1
configure: failed program was:
| /* confdefs.h */
| #define PACKAGE_NAME "tcsh"
| #define PACKAGE_TARNAME "tcsh"
| #define PACKAGE_VERSION "6.24.00"
| #define PACKAGE_STRING "tcsh 6.24.00"
| #define PACKAGE_BUGREPORT "https://bugs.astron.com/"
| #define PACKAGE_URL ""
| #define HAVE_ICONV 1
| #define ICONV_CONST 
| #define HAVE_STDIO_H 1
| #define HAVE_STDLIB_H 1
| #define HAVE_STRING_H 1
| #define HAVE_INTTYPES_H 1
| #define HAVE_STDINT_H 1
| #define HAVE_STRINGS_H 1
| #define HAVE_SYS_STAT_H 1
| #define HAVE_SYS_TYPES_H 1
| #define HAVE_UNISTD_H 1
| #define STDC_HEADERS 1
| #define HAVE_CRYPT_H 1
| #define HAVE_FEATURES_H 1
| #define HAVE_INTTYPES_H 1
| #define HAVE_PATHS_H 1
| #define HAVE_SHADOW_H 1
| #define HAVE_STDINT_H 1
| #define HAVE_UTMP_H 1
| #define HAVE_UTMPX_H 1
| #define HAVE_WCHAR_H 1
| #define SIZEOF_WCHAR_T 4
| #define HAVE_WCTYPE_H 1
| #define HAVE_DIRENT_H 1
| /* end confdefs.h.  */
| #include <stddef.h>
| #ifdef HAVE_STDIO_H
| # include <stdio.h>
| #endif
| #ifdef HAVE_STDLIB_H
| # include <stdlib.h>
| #endif
| #ifdef HAVE_STRING_H
| # include <string.h>
| #endif
| #ifdef HAVE_INTTYPES_H
| # include <inttypes.h>
| #endif
| #ifdef HAVE_STDINT_H
| # include <stdint.h>
| #endif
| #ifdef HAVE_STRINGS_H
| # include <strings.h>
| #endif
| #ifdef HAVE_SYS_TYPES_H
| # include <sys/types.h>
| #endif
| #ifdef HAVE_SYS_STAT_H
| # include <sys/stat.h>
| #endif
| #ifdef HAVE_UNISTD_H
| # include <unistd.h>
| #endif
| int
| main (void)
| {
| if (sizeof ((long long)))
| 	    return 0;
|   ;
|   return 0;
| }
configure:7799: result: yes
configure:7808: checking for uid_t in sys/types.h
configure:7829: result: yes
configure:7840: checking type of array argument to getgroups
configure:7876: gcc -o conftest -g -O2   conftest.c -ltinfo -lcrypt  >&5
configure:7876: $? = 0
configure:7876: ./conftest
configure:7876: $? = 0
configure:7903: result: gid_t
configure:7909: checking for mode_t
configure:7909: gcc -c -g -O2  conftest.c >&5
configure:7909: $? = 0
configure:7909: gcc -c -g -O2  conftest.c >&5
conftest.c: In function 'main':
conftest.c:66:21: error: expected expression before ')' token
   66 | if (sizeof ((mode_t)))
      |                     ^
configure:7909: $? = 1
configure: failed program was:
| /* confdefs.h */
| #define PACKAGE_NAME "tcsh"
| #define PACKAGE_TARNAME "tcsh"
| #define PACKAGE_VERSION "6.24.00"
| #define PACKAGE_STRING "tcsh 6.24.00"
| #define PACKAGE_BUGREPORT "https://bugs.astron.com/"
| #define PACKAGE_URL ""
| #define HAVE_ICONV 1
| #define ICONV_CONST 
| #define HAVE_STDIO_H 1
| #define HAVE_STDLIB_H 1
| #define HAVE_STRING_H 1
| #define HAVE_INTTYPES_H 1
| #define HAVE_STDINT_H 1
| #define HAVE_STRINGS_H 1
| #define HAVE_SYS_STAT_H 1
| #define HAVE_SYS_TYPES_H 1
| #define HAVE_UNISTD_H 1
| #define STDC_HEADERS 1
| #define HAVE_CRYPT_H 1
| #define HAVE_FEATURES_H 1
| #define HAVE_INTTYPES_H 1
| #define HAVE_PATHS_H 1
| #define HAVE_SHADOW_H 1
| #define HAVE_STDINT_H 1
| #define HAVE_UTMP_H 1
| #define HAVE_UTMPX_H 1
| #define HAVE_WCHAR_H 1
| #define SIZEOF_WCHAR_T 4
| #define HAVE_WCTYPE_H 1
| #define HAVE_DIRENT_H 1
| #define HAVE_LONG_LONG 1
| #define GETGROUPS_T gid_t
| /* end confdefs.h.  */
| #include <stddef.h>
| #ifdef HAVE_STDIO_H
| # include <stdio.h>
| #endif
| #ifdef HAVE_STDLIB_H
| # include <stdlib.h>
| #endif
| #ifdef HAVE_STRING_H
| # include <string.h>
| #endif
| #ifdef HAVE_INTTYPES_H
| # include <inttypes.h>
| #endif
| #ifdef HAVE_STDINT_H
| # include <stdint.h>
| #endif
| #ifdef HAVE_STRINGS_H
| # include <strings.h>
| #endif
| #ifdef HAVE_SYS_TYPES_H
| # include <sys/types.h>
| #endif
| #ifdef HAVE_SYS_STAT_H
| # include <sys/stat.h>
| #endif
| #ifdef HAVE_UNISTD_H
| # include <unistd.h>
| #endif
| int
| main (void)
| {
| if (sizeof ((mode_t)))
| 	    return 0;
|   ;
|   return 0;
| }
configure:7909: result: yes
configure:7919: checking for size_t
configure:7919: gcc -c -g -O2  conftest.c >&5
configure:7919: $? = 0
configure:7919: gcc -c -g -O2  conftest.c >&5
conftest.c: In function 'main':
conftest.c:66:21: error: expected expression before ')' token
   66 | if (sizeof ((size_t)))
      |                     ^
configure:7919: $? = 1
configure: failed program was:
| /* confdefs.h */
| #define PACKAGE_NAME "tcsh"
| #define PACKAGE_TARNAME "tcsh"
| #define PACKAGE_VERSION "6.24.00"
| #define PACKAGE_STRING "tcsh 6.24.00"
| #define PACKAGE_BUGREPORT "https://bugs.astron.com/"
| #define PACKAGE_URL ""
| #define HAVE_ICONV 1
| #define ICONV_CONST 
| #define HAVE_STDIO_H 1
| #define HAVE_STDLIB_H 1
| #define HAVE_STRING_H 1
| #define HAVE_INTTYPES_H 1
| #define HAVE_STDINT_H 1
| #define HAVE_STRINGS_H 1
| #define HAVE_SYS_STAT_H 1
| #define HAVE_SYS_TYPES_H 1
| #define HAVE_UNISTD_H 1
| #define STDC_HEADERS 1
| #define HAVE_CRYPT_H 1
| #define HAVE_FEATURES_H 1
| #define HAVE_INTTYPES_H 1
| #define HAVE_PATHS_H 1
| #define HAVE_SHADOW_H 1
| #define HAVE_STDINT_H 1
| #define HAVE_UTMP_H 1
| #define HAVE_UTMPX_H 1
| #define HAVE_WCHAR_H 1
| #define SIZEOF_WCHAR_T 4
| #define HAVE_WCTYPE_H 1
| #define HAVE_DIRENT_H 1
| #define HAVE_LONG_LONG 1
| #define GETGROUPS_T gid_t
| /* end confdefs.h.  */
| #include <stddef.h>
| #ifdef HAVE_STDIO_H
| # include <stdio.h>
| #endif
| #ifdef HAVE_STDLIB_H
| # include <stdlib.h>
| #endif
| #ifdef HAVE_STRING_H
| # include <string.h>
| #endif
| #ifdef HAVE_INTTYPES_H
| # include <inttypes.h>
| #endif
| #ifdef HAVE_STDINT_H
| # include <stdint.h>
| #endif
| #ifdef HAVE_STRINGS_H
| # include <strings.h>
| #endif
| #ifdef HAVE_SYS_TYPES_H
| # include <sys/types.h>
| #endif
| #ifdef HAVE_SYS_STAT_H
| # include <sys/stat.h>
| #endif
| #ifdef HAVE_UNISTD_H
| # include <unistd.h>
| #endif
| int
| main (void)
| {
| if (sizeof ((size_t)))
| 	    return 0;
|   ;
|   return 0;
| }
configure:7919: result: yes
configure:7929: checking for uid_t in sys/types.h
configure:7950: result: yes
configure:7961: checking for uint32_t
configure:7961: gcc -c -g -O2  conftest.c >&5
configure:7961: $? = 0
configure:7961: result: yes
configure:7976: checking for ssize_t
configure:7976: gcc -c -g -O2  conftest.c >&5
configure:7976: $? = 0
configure:7976: gcc -c -g -O2  conftest.c >&5
conftest.c: In function 'main':
conftest.c:42:22: error: expected expression before ')' token
   42 | if (sizeof ((ssize_t)))
      |                      ^
configure:7976: $? = 1
configure: failed program was:
| /* confdefs.h */
| #define PACKAGE_NAME "tcsh"
| #define PACKAGE_TARNAME "tcsh"
| #define PACKAGE_VERSION "6.24.00"
| #define PACKAGE_STRING "tcsh 6.24.00"
| #define PACKAGE_BUGREPORT "https://bugs.astron.com/"
| #define PACKAGE_URL ""
| #define HAVE_ICONV 1
| #define ICONV_CONST 
| #define HAVE_STDIO_H 1
| #define HAVE_STDLIB_H 1
| #define HAVE_STRING_H 1
| #define HAVE_INTTYPES_H 1
| #define HAVE_STDINT_H 1
| #define HAVE_STRINGS_H 1
| #define HAVE_SYS_STAT_H 1
| #define HAVE_SYS_TYPES_H 1
| #define HAVE_UNISTD_H 1
| #define STDC_HEADERS 1
| #define HAVE_CRYPT_H 1
| #define HAVE_FEATURES_H 1
| #define HAVE_INTTYPES_H 1
| #define HAVE_PATHS_H 1
| #define HAVE_SHADOW_H 1
| #define HAVE_STDINT_H 1
| #define HAVE_UTMP_H 1
| #define HAVE_UTMPX_H 1
| #define HAVE_WCHAR_H 1
| #define SIZEOF_WCHAR_T 4
| #define HAVE_WCTYPE_H 1
| #define HAVE_DIRENT_H 1
| #define HAVE_LONG_LONG 1
| #define GETGROUPS_T gid_t
| /* end confdefs.h.  */
| 
| #include <sys/types.h>
| 
| 
| int
| main (void)
| {
| if (sizeof ((ssize_t)))
| 	    return 0;
|   ;
|   return 0;
| }
configure:7976: result: yes
configure:7993: checking for socklen_t
configure:7993: gcc -c -g -O2  conftest.c >&5
configure:7993: $? = 0
configure:7993: gcc -c -g -O2  conftest.c >&5
conftest.c: In function 'main':
conftest.c:43:24: error: expected expression before ')' token
   43 | if (sizeof ((socklen_t)))
      |                        ^
configure:7993: $? = 1
configure: failed program was:
| /* confdefs.h */
| #define PACKAGE_NAME "tcsh"
| #define PACKAGE_TARNAME "tcsh"
| #define PACKAGE_VERSION "6.24.00"
| #define PACKAGE_STRING "tcsh 6.24.00"
| #define PACKAGE_BUGREPORT "https://bugs.astron.com/"
| #define PACKAGE_URL ""
| #define HAVE_ICONV 1
| #define ICONV_CONST 
| #define HAVE_STDIO_H 1
| #define HAVE_STDLIB_H 1
| #define HAVE_STRING_H 1
| #define HAVE_INTTYPES_H 1
| #define HAVE_STDINT_H 1
| #define HAVE_STRINGS_H 1
| #define HAVE_SYS_STAT_H 1
| #define HAVE_SYS_TYPES_H 1
| #define HAVE_UNISTD_H 1
| #define STDC_HEADERS 1
| #define HAVE_CRYPT_H 1
| #define HAVE_FEATURES_H 1
| #define HAVE_INTTYPES_H 1
| #define HAVE_PATHS_H 1
| #define HAVE_SHADOW_H 1
| #define HAVE_STDINT_H 1
| #define HAVE_UTMP_H 1
| #define HAVE_UTMPX_H 1
| #define HAVE_WCHAR_H 1
| #define SIZEOF_WCHAR_T 4
| #define HAVE_WCTYPE_H 1
| #define HAVE_DIRENT_H 1
| #define HAVE_LONG_LONG 1
| #define GETGROUPS_T gid_t
| /* end confdefs.h.  */
| 
| #include <sys/types.h>
| #include <sys/socket.h>
| 
| 
| int
| main (void)
| {
| if (sizeof ((socklen_t)))
| 	    return 0;
|   ;
|   return 0;
| }
configure:7993: result: yes
configure:8010: checking for struct dirent.d_ino
configure:8010: gcc -c -g -O2  conftest.c >&5
configure:8010: $? = 0
configure:8010: result: yes
configure:8029: checking for struct utmp.ut_host
configure:8029: gcc -c -g -O2  conftest.c >&5
configure:8029: $? = 0
configure:8029: result: yes
configure:8044: checking for struct utmp.ut_user
configure:8044: gcc -c -g -O2  conftest.c >&5
configure:8044: $? = 0
configure:8044: result: yes
configure:8059: checking for struct utmp.ut_tv
configure:8059: gcc -c -g -O2  conftest.c >&5
conftest.c: In function 'main':
conftest.c:50:5: error: used struct type value where scalar is required
   50 | if (ac_aggr.ut_tv)
      |     ^~~~~~~
configure:8059: $? = 1
configure: failed program was:
| /* confdefs.h */
| #define PACKAGE_NAME "tcsh"
| #define PACKAGE_TARNAME "tcsh"
| #define PACKAGE_VERSION "6.24.00"
| #define PACKAGE_STRING "tcsh 6.24.00"
| #define PACKAGE_BUGREPORT "https://bugs.astron.com/"
| #define PACKAGE_URL ""
| #define HAVE_ICONV 1
| #define ICONV_CONST 
| #define HAVE_STDIO_H 1
| #define HAVE_STDLIB_H 1
| #define HAVE_STRING_H 1
| #define HAVE_INTTYPES_H 1
| #define HAVE_STDINT_H 1
| #define HAVE_STRINGS_H 1
| #define HAVE_SYS_STAT_H 1
| #define HAVE_SYS_TYPES_H 1
| #define HAVE_UNISTD_H 1
| #define STDC_HEADERS 1
| #define HAVE_CRYPT_H 1
| #define HAVE_FEATURES_H 1
| #define HAVE_INTTYPES_H 1
| #define HAVE_PATHS_H 1
| #define HAVE_SHADOW_H 1
| #define HAVE_STDINT_H 1
| #define HAVE_UTMP_H 1
| #define HAVE_UTMPX_H 1
| #define HAVE_WCHAR_H 1
| #define SIZEOF_WCHAR_T 4
| #define HAVE_WCTYPE_H 1
| #define HAVE_DIRENT_H 1
| #define HAVE_LONG_LONG 1
| #define GETGROUPS_T gid_t
| #define HAVE_STRUCT_DIRENT_D_INO 1
| #define HAVE_STRUCT_UTMP_UT_HOST 1
| #define HAVE_STRUCT_UTMP_UT_USER 1
| /* end confdefs.h.  */
| #include <sys/types.h>
| #ifdef HAVE_UTMPX_H
| #include <utmpx.h>
| #define utmp utmpx
| #elif defined HAVE_UTMP_H
| #include <utmp.h>
| #endif
| 
| int
| main (void)
| {
| static struct utmp ac_aggr;
| if (ac_aggr.ut_tv)
| return 0;
|   ;
|   return 0;
| }
configure:8059: gcc -c -g -O2  conftest.c >&5
configure:8059: $? = 0
configure:8059: result: yes
configure:8074: checking for struct utmp.ut_xtime
configure:8074: gcc -c -g -O2  conftest.c >&5
conftest.c: In function 'main':
conftest.c:51:12: error: 'struct utmpx' has no member named 'ut_xtime'
   51 | if (ac_aggr.ut_xtime)
      |            ^
configure:8074: $? = 1
configure: failed program was:
| /* confdefs.h */
| #define PACKAGE_NAME "tcsh"
| #define PACKAGE_TARNAME "tcsh"
| #define PACKAGE_VERSION "6.24.00"
| #define PACKAGE_STRING "tcsh 6.24.00"
| #define PACKAGE_BUGREPORT "https://bugs.astron.com/"
| #define PACKAGE_URL ""
| #define HAVE_ICONV 1
| #define ICONV_CONST 
| #define HAVE_STDIO_H 1
| #define HAVE_STDLIB_H 1
| #define HAVE_STRING_H 1
| #define HAVE_INTTYPES_H 1
| #define HAVE_STDINT_H 1
| #define HAVE_STRINGS_H 1
| #define HAVE_SYS_STAT_H 1
| #define HAVE_SYS_TYPES_H 1
| #define HAVE_UNISTD_H 1
| #define STDC_HEADERS 1
| #define HAVE_CRYPT_H 1
| #define HAVE_FEATURES_H 1
| #define HAVE_INTTYPES_H 1
| #define HAVE_PATHS_H 1
| #define HAVE_SHADOW_H 1
| #define HAVE_STDINT_H 1
| #define HAVE_UTMP_H 1
| #define HAVE_UTMPX_H 1
| #define HAVE_WCHAR_H 1
| #define SIZEOF_WCHAR_T 4
| #define HAVE_WCTYPE_H 1
| #define HAVE_DIRENT_H 1
| #define HAVE_LONG_LONG 1
| #define GETGROUPS_T gid_t
| #define HAVE_STRUCT_DIRENT_D_INO 1
| #define HAVE_STRUCT_UTMP_UT_HOST 1
| #define HAVE_STRUCT_UTMP_UT_USER 1
| #define HAVE_STRUCT_UTMP_UT_TV 1
| /* end confdefs.h.  */
| #include <sys/types.h>
| #ifdef HAVE_UTMPX_H
| #include <utmpx.h>
| #define utmp utmpx
| #elif defined HAVE_UTMP_H
| #include <utmp.h>
| #endif
| 
| int
| main (void)
| {
| static struct utmp ac_aggr;
| if (ac_aggr.ut_xtime)
| return 0;
|   ;
|   return 0;
| }
configure:8074: gcc -c -g -O2  conftest.c >&5
conftest.c: In function 'main':
conftest.c:51:19: error: 'struct utmpx' has no member named 'ut_xtime'
   51 | if (sizeof ac_aggr.ut_xtime)
      |                   ^
configure:8074: $? = 1
configure: failed program was:
| /* confdefs.h */
| #define PACKAGE_NAME "tcsh"
| #define PACKAGE_TARNAME "tcsh"
| #define PACKAGE_VERSION "6.24.00"
| #define PACKAGE_STRING "tcsh 6.24.00"
| #define PACKAGE_BUGREPORT "https://bugs.astron.com/"
| #define PACKAGE_URL ""
| #define HAVE_ICONV 1
| #define ICONV_CONST 
| #define HAVE_STDIO_H 1
| #define HAVE_STDLIB_H 1
| #define HAVE_STRING_H 1
| #define HAVE_INTTYPES_H 1
| #define HAVE_STDINT_H 1
| #define HAVE_STRINGS_H 1
| #define HAVE_SYS_STAT_H 1
| #define HAVE_SYS_TYPES_H 1
| #define HAVE_UNISTD_H 1
| #define STDC_HEADERS 1
| #define HAVE_CRYPT_H 1
| #define HAVE_FEATURES_H 1
| #define HAVE_INTTYPES_H 1
| #define HAVE_PATHS_H 1
| #define HAVE_SHADOW_H 1
| #define HAVE_STDINT_H 1
| #define HAVE_UTMP_H 1
| #define HAVE_UTMPX_H 1
| #define HAVE_WCHAR_H 1
| #define SIZEOF_WCHAR_T 4
| #define HAVE_WCTYPE_H 1
| #define HAVE_DIRENT_H 1
| #define HAVE_LONG_LONG 1
| #define GETGROUPS_T gid_t
| #define HAVE_STRUCT_DIRENT_D_INO 1
| #define HAVE_STRUCT_UTMP_UT_HOST 1
| #define HAVE_STRUCT_UTMP_UT_USER 1
| #define HAVE_STRUCT_UTMP_UT_TV 1
| /* end confdefs.h.  */
| #include <sys/types.h>
| #ifdef HAVE_UTMPX_H
| #include <utmpx.h>
| #define utmp utmpx
| #elif defined HAVE_UTMP_H
| #include <utmp.h>
| #endif
| 
| int
| main (void)
| {
| static struct utmp ac_aggr;
| if (sizeof ac_aggr.ut_xtime)
| return 0;
|   ;
|   return 0;
| }
configure:8074: result: no
configure:8089: checking for struct utmpx.ut_host
configure:8089: gcc -c -g -O2  conftest.c >&5
configure:8089: $? = 0
configure:8089: result: yes
configure:8104: checking for struct utmpx.ut_user
configure:8104: gcc -c -g -O2  conftest.c >&5
configure:8104: $? = 0
configure:8104: result: yes
configure:8119: checking for struct utmpx.ut_tv
configure:8119: gcc -c -g -O2  conftest.c >&5
conftest.c: In function 'main':
conftest.c:53:5: error: used struct type value where scalar is required
   53 | if (ac_aggr.ut_tv)
      |     ^~~~~~~
configure:8119: $? = 1
configure: failed program was:
| /* confdefs.h */
| #define PACKAGE_NAME "tcsh"
| #define PACKAGE_TARNAME "tcsh"
| #define PACKAGE_VERSION "6.24.00"
| #define PACKAGE_STRING "tcsh 6.24.00"
| #define PACKAGE_BUGREPORT "https://bugs.astron.com/"
| #define PACKAGE_URL ""
| #define HAVE_ICONV 1
| #define ICONV_CONST 
| #define HAVE_STDIO_H 1
| #define HAVE_STDLIB_H 1
| #define HAVE_STRING_H 1
| #define HAVE_INTTYPES_H 1
| #define HAVE_STDINT_H 1
| #define HAVE_STRINGS_H 1
| #define HAVE_SYS_STAT_H 1
| #define HAVE_SYS_TYPES_H 1
| #define HAVE_UNISTD_H 1
| #define STDC_HEADERS 1
| #define HAVE_CRYPT_H 1
| #define HAVE_FEATURES_H 1
| #define HAVE_INTTYPES_H 1
| #define HAVE_PATHS_H 1
| #define HAVE_SHADOW_H 1
| #define HAVE_STDINT_H 1
| #define HAVE_UTMP_H 1
| #define HAVE_UTMPX_H 1
| #define HAVE_WCHAR_H 1
| #define SIZEOF_WCHAR_T 4
| #define HAVE_WCTYPE_H 1
| #define HAVE_DIRENT_H 1
| #define HAVE_LONG_LONG 1
| #define GETGROUPS_T gid_t
| #define HAVE_STRUCT_DIRENT_D_INO 1
| #define HAVE_STRUCT_UTMP_UT_HOST 1
| #define HAVE_STRUCT_UTMP_UT_USER 1
| #define HAVE_STRUCT_UTMP_UT_TV 1
| #define HAVE_STRUCT_UTMPX_UT_HOST 1
| #define HAVE_STRUCT_UTMPX_UT_USER 1
| /* end confdefs.h.  */
| #include <sys/types.h>
| #ifdef HAVE_UTMPX_H
| #include <utmpx.h>
| #define utmp utmpx
| #elif defined HAVE_UTMP_H
| #include <utmp.h>
| #endif
| 
| int
| main (void)
| {
| static struct utmpx ac_aggr;
| if (ac_aggr.ut_tv)
| return 0;
|   ;
|   return 0;
| }
configure:8119: gcc -c -g -O2  conftest.c >&5
configure:8119: $? = 0
configure:8119: result: yes
configure:8134: checking for struct utmpx.ut_xtime
configure:8134: gcc -c -g -O2  conftest.c >&5
conftest.c: In function 'main':
conftest.c:54:12: error: 'struct utmpx' has no member named 'ut_xtime'
   54 | if (ac_aggr.ut_xtime)
      |            ^
configure:8134: $? = 1
configure: failed program was:
| /* confdefs.h */
| #define PACKAGE_NAME "tcsh"
| #define PACKAGE_TARNAME "tcsh"
| #define PACKAGE_VERSION "6.24.00"
| #define PACKAGE_STRING "tcsh 6.24.00"
| #define PACKAGE_BUGREPORT "https://bugs.astron.com/"
| #define PACKAGE_URL ""
| #define HAVE_ICONV 1
| #define ICONV_CONST 
| #define HAVE_STDIO_H 1
| #define HAVE_STDLIB_H 1
| #define HAVE_STRING_H 1
| #define HAVE_INTTYPES_H 1
| #define HAVE_STDINT_H 1
| #define HAVE_STRINGS_H 1
| #define HAVE_SYS_STAT_H 1
| #define HAVE_SYS_TYPES_H 1
| #define HAVE_UNISTD_H 1
| #define STDC_HEADERS 1
| #define HAVE_CRYPT_H 1
| #define HAVE_FEATURES_H 1
| #define HAVE_INTTYPES_H 1
| #define HAVE_PATHS_H 1
| #define HAVE_SHADOW_H 1
| #define HAVE_STDINT_H 1
| #define HAVE_UTMP_H 1
| #define HAVE_UTMPX_H 1
| #define HAVE_WCHAR_H 1
| #define SIZEOF_WCHAR_T 4
| #define HAVE_WCTYPE_H 1
| #define HAVE_DIRENT_H 1
| #define HAVE_LONG_LONG 1
| #define GETGROUPS_T gid_t
| #define HAVE_STRUCT_DIRENT_D_INO 1
| #define HAVE_STRUCT_UTMP_UT_HOST 1
| #define HAVE_STRUCT_UTMP_UT_USER 1
| #define HAVE_STRUCT_UTMP_UT_TV 1
| #define HAVE_STRUCT_UTMPX_UT_HOST 1
| #define HAVE_STRUCT_UTMPX_UT_USER 1
| #define HAVE_STRUCT_UTMPX_UT_TV 1
| /* end confdefs.h.  */
| #include <sys/types.h>
| #ifdef HAVE_UTMPX_H
| #include <utmpx.h>
| #define utmp utmpx
| #elif defined HAVE_UTMP_H
| #include <utmp.h>
| #endif
| 
| int
| main (void)
| {
| static struct utmpx ac_aggr;
| if (ac_aggr.ut_xtime)
| return 0;
|   ;
|   return 0;
| }
configure:8134: gcc -c -g -O2  conftest.c >&5
conftest.c: In function 'main':
conftest.c:54:19: error: 'struct utmpx' has no member named 'ut_xtime'
   54 | if (sizeof ac_aggr.ut_xtime)
      |                   ^
configure:8134: $? = 1
configure: failed program was:
| /* confdefs.h */
| #define PACKAGE_NAME "tcsh"
| #define PACKAGE_TARNAME "tcsh"
| #define PACKAGE_VERSION "6.24.00"
| #define PACKAGE_STRING "tcsh 6.24.00"
| #define PACKAGE_BUGREPORT "https://bugs.astron.com/"
| #define PACKAGE_URL ""
| #define HAVE_ICONV 1
| #define ICONV_CONST 
| #define HAVE_STDIO_H 1
| #define HAVE_STDLIB_H 1
| #define HAVE_STRING_H 1
| #define HAVE_INTTYPES_H 1
| #define HAVE_STDINT_H 1
| #define HAVE_STRINGS_H 1
| #define HAVE_SYS_STAT_H 1
| #define HAVE_SYS_TYPES_H 1
| #define HAVE_UNISTD_H 1
| #define STDC_HEADERS 1
| #define HAVE_CRYPT_H 1
| #define HAVE_FEATURES_H 1
| #define HAVE_INTTYPES_H 1
| #define HAVE_PATHS_H 1
| #define HAVE_SHADOW_H 1
| #define HAVE_STDINT_H 1
| #define HAVE_UTMP_H 1
| #define HAVE_UTMPX_H 1
| #define HAVE_WCHAR_H 1
| #define SIZEOF_WCHAR_T 4
| #define HAVE_WCTYPE_H 1
| #define HAVE_DIRENT_H 1
| #define HAVE_LONG_LONG 1
| #define GETGROUPS_T gid_t
| #define HAVE_STRUCT_DIRENT_D_INO 1
| #define HAVE_STRUCT_UTMP_UT_HOST 1
| #define HAVE_STRUCT_UTMP_UT_USER 1
| #define HAVE_STRUCT_UTMP_UT_TV 1
| #define HAVE_STRUCT_UTMPX_UT_HOST 1
| #define HAVE_STRUCT_UTMPX_UT_USER 1
| #define HAVE_STRUCT_UTMPX_UT_TV 1
| /* end confdefs.h.  */
| #include <sys/types.h>
| #ifdef HAVE_UTMPX_H
| #include <utmpx.h>
| #define utmp utmpx
| #elif defined HAVE_UTMP_H
| #include <utmp.h>
| #endif
| 
| int
| main (void)
| {
| static struct utmpx ac_aggr;
| if (sizeof ac_aggr.ut_xtime)
| return 0;
|   ;
|   return 0;
| }
configure:8134: result: no
configure:8150: checking for struct sockaddr_storage.ss_family
configure:8150: gcc -c -g -O2  conftest.c >&5
configure:8150: $? = 0
configure:8150: result: yes
configure:8162: checking for an ANSI C-conforming const
configure:8229: gcc -c -g -O2  conftest.c >&5
configure:8229: $? = 0
configure:8237: result: yes
configure:8245: checking for working volatile
configure:8265: gcc -c -g -O2  conftest.c >&5
configure:8265: $? = 0
configure:8273: result: yes
configure:8282: checking for gcc options needed to detect all undeclared functions
configure:8304: gcc -c -g -O2   conftest.c >&5
conftest.c: In function 'main':
conftest.c:47:8: error: 'strchr' undeclared (first use in this function)
   47 | (void) strchr;
      |        ^~~~~~
conftest.c:1:1: note: 'strchr' is defined in header '<string.h>'; this is probably fixable by adding '#include <string.h>'
    1 | /* confdefs.h */
conftest.c:47:8: note: each undeclared identifier is reported only once for each function it appears in
   47 | (void) strchr;
      |        ^~~~~~
configure:8304: $? = 1
configure: failed program was:
| /* confdefs.h */
| #define PACKAGE_NAME "tcsh"
| #define PACKAGE_TARNAME "tcsh"
| #define PACKAGE_VERSION "6.24.00"
| #define PACKAGE_STRING "tcsh 6.24.00"
| #define PACKAGE_BUGREPORT "https://bugs.astron.com/"
| #define PACKAGE_URL ""
| #define HAVE_ICONV 1
| #define ICONV_CONST 
| #define HAVE_STDIO_H 1
| #define HAVE_STDLIB_H 1
| #define HAVE_STRING_H 1
| #define HAVE_INTTYPES_H 1
| #define HAVE_STDINT_H 1
| #define HAVE_STRINGS_H 1
| #define HAVE_SYS_STAT_H 1
| #define HAVE_SYS_TYPES_H 1
| #define HAVE_UNISTD_H 1
| #define STDC_HEADERS 1
| #define HAVE_CRYPT_H 1
| #define HAVE_FEATURES_H 1
| #define HAVE_INTTYPES_H 1
| #define HAVE_PATHS_H 1
| #define HAVE_SHADOW_H 1
| #define HAVE_STDINT_H 1
| #define HAVE_UTMP_H 1
| #define HAVE_UTMPX_H 1
| #define HAVE_WCHAR_H 1
| #define SIZEOF_WCHAR_T 4
| #define HAVE_WCTYPE_H 1
| #define HAVE_DIRENT_H 1
| #define HAVE_LONG_LONG 1
| #define GETGROUPS_T gid_t
| #define HAVE_STRUCT_DIRENT_D_INO 1
| #define HAVE_STRUCT_UTMP_UT_HOST 1
| #define HAVE_STRUCT_UTMP_UT_USER 1
| #define HAVE_STRUCT_UTMP_UT_TV 1
| #define HAVE_STRUCT_UTMPX_UT_HOST 1
| #define HAVE_STRUCT_UTMPX_UT_USER 1
| #define HAVE_STRUCT_UTMPX_UT_TV 1
| #define HAVE_STRUCT_SOCKADDR_STORAGE_SS_FAMILY 1
| /* end confdefs.h.  */
| 
| int
| main (void)
| {
| (void) strchr;
|   ;
|   return 0;
| }
configure:8331: gcc -c -g -O2   conftest.c >&5
configure:8331: $? = 0
configure:8348: result: none needed
configure:8362: checking whether crypt is declared
configure:8362: gcc -c -g -O2   conftest.c >&5
configure:8362: $? = 0
configure:8362: result: yes
configure:8376: checking whether environ is declared
configure:8376: gcc -c -g -O2   conftest.c >&5
configure:8376: $? = 0
configure:8376: result: yes
configure:8390: checking whether gethostname is declared
configure:8390: gcc -c -g -O2   conftest.c >&5
configure:8390: $? = 0
configure:8390: result: yes
configure:8404: checking whether getpgrp is declared
configure:8404: gcc -c -g -O2   conftest.c >&5
configure:8404: $? = 0
configure:8404: result: yes
configure:8419: checking for setlocale
configure:8419: gcc -o conftest -g -O2   conftest.c -ltinfo -lcrypt  >&5
configure:8419: $? = 0
configure:8419: result: yes
configure:8427: checking for catgets
configure:8427: gcc -o conftest -g -O2   conftest.c -ltinfo -lcrypt  >&5
configure:8427: $? = 0
configure:8427: result: yes
configure:8435: checking for dup2
configure:8435: gcc -o conftest -g -O2   conftest.c -ltinfo -lcrypt  >&5
configure:8435: $? = 0
configure:8435: result: yes
configure:8441: checking for getauthid
configure:8441: gcc -o conftest -g -O2   conftest.c -ltinfo -lcrypt  >&5
/usr/lib/gcc/x86_64-pc-linux-gnu/14/../../../../x86_64-pc-linux-gnu/bin/ld: /tmp/ccYLeDTF.o: in function `main':
/home/lomaster/Cfg/apps/tcsh/conftest.c:75:(.text.startup+0xb): undefined reference to `getauthid'
collect2: error: ld returned 1 exit status
configure:8441: $? = 1
configure: failed program was:
| /* confdefs.h */
| #define PACKAGE_NAME "tcsh"
| #define PACKAGE_TARNAME "tcsh"
| #define PACKAGE_VERSION "6.24.00"
| #define PACKAGE_STRING "tcsh 6.24.00"
| #define PACKAGE_BUGREPORT "https://bugs.astron.com/"
| #define PACKAGE_URL ""
| #define HAVE_ICONV 1
| #define ICONV_CONST 
| #define HAVE_STDIO_H 1
| #define HAVE_STDLIB_H 1
| #define HAVE_STRING_H 1
| #define HAVE_INTTYPES_H 1
| #define HAVE_STDINT_H 1
| #define HAVE_STRINGS_H 1
| #define HAVE_SYS_STAT_H 1
| #define HAVE_SYS_TYPES_H 1
| #define HAVE_UNISTD_H 1
| #define STDC_HEADERS 1
| #define HAVE_CRYPT_H 1
| #define HAVE_FEATURES_H 1
| #define HAVE_INTTYPES_H 1
| #define HAVE_PATHS_H 1
| #define HAVE_SHADOW_H 1
| #define HAVE_STDINT_H 1
| #define HAVE_UTMP_H 1
| #define HAVE_UTMPX_H 1
| #define HAVE_WCHAR_H 1
| #define SIZEOF_WCHAR_T 4
| #define HAVE_WCTYPE_H 1
| #define HAVE_DIRENT_H 1
| #define HAVE_LONG_LONG 1
| #define GETGROUPS_T gid_t
| #define HAVE_STRUCT_DIRENT_D_INO 1
| #define HAVE_STRUCT_UTMP_UT_HOST 1
| #define HAVE_STRUCT_UTMP_UT_USER 1
| #define HAVE_STRUCT_UTMP_UT_TV 1
| #define HAVE_STRUCT_UTMPX_UT_HOST 1
| #define HAVE_STRUCT_UTMPX_UT_USER 1
| #define HAVE_STRUCT_UTMPX_UT_TV 1
| #define HAVE_STRUCT_SOCKADDR_STORAGE_SS_FAMILY 1
| #define HAVE_DECL_CRYPT 1
| #define HAVE_DECL_ENVIRON 1
| #define HAVE_DECL_GETHOSTNAME 1
| #define HAVE_DECL_GETPGRP 1
| #define HAVE_DUP2 1
| /* end confdefs.h.  */
| /* Define getauthid to an innocuous variant, in case <limits.h> declares getauthid.
|    For example, HP-UX 11i <limits.h> declares gettimeofday.  */
| #define getauthid innocuous_getauthid
| 
| /* System header to define __stub macros and hopefully few prototypes,
|    which can conflict with char getauthid (); below.  */
| 
| #include <limits.h>
| #undef getauthid
| 
| /* Override any GCC internal prototype to avoid an error.
|    Use char because int might match the return type of a GCC
|    builtin and then its argument prototype would still apply.  */
| #ifdef __cplusplus
| extern "C"
| #endif
| char getauthid ();
| /* The GNU C library defines this for functions which it implements
|     to always fail with ENOSYS.  Some functions are actually named
|     something starting with __ and the normal name is an alias.  */
| #if defined __stub_getauthid || defined __stub___getauthid
| choke me
| #endif
| 
| int
| main (void)
| {
| return getauthid ();
|   ;
|   return 0;
| }
configure:8441: result: no
configure:8447: checking for getcwd
configure:8447: gcc -o conftest -g -O2   conftest.c -ltinfo -lcrypt  >&5
configure:8447: $? = 0
configure:8447: result: yes
configure:8453: checking for gethostname
configure:8453: gcc -o conftest -g -O2   conftest.c -ltinfo -lcrypt  >&5
configure:8453: $? = 0
configure:8453: result: yes
configure:8459: checking for getpwent
configure:8459: gcc -o conftest -g -O2   conftest.c -ltinfo -lcrypt  >&5
configure:8459: $? = 0
configure:8459: result: yes
configure:8465: checking for getutent
configure:8465: gcc -o conftest -g -O2   conftest.c -ltinfo -lcrypt  >&5
configure:8465: $? = 0
configure:8465: result: yes
configure:8471: checking for getutxent
configure:8471: gcc -o conftest -g -O2   conftest.c -ltinfo -lcrypt  >&5
configure:8471: $? = 0
configure:8471: result: yes
configure:8477: checking for mallinfo
configure:8477: gcc -o conftest -g -O2   conftest.c -ltinfo -lcrypt  >&5
configure:8477: $? = 0
configure:8477: result: yes
configure:8483: checking for mallinfo2
configure:8483: gcc -o conftest -g -O2   conftest.c -ltinfo -lcrypt  >&5
configure:8483: $? = 0
configure:8483: result: yes
configure:8489: checking for mblen
configure:8489: gcc -o conftest -g -O2   conftest.c -ltinfo -lcrypt  >&5
configure:8489: $? = 0
configure:8489: result: yes
configure:8495: checking for memmove
configure:8495: gcc -o conftest -g -O2   conftest.c -ltinfo -lcrypt  >&5
conftest.c:72:6: warning: conflicting types for built-in function 'memmove'; expected 'void *(void *, const void *, long unsigned int)' [-Wbuiltin-declaration-mismatch]
   72 | char memmove ();
      |      ^~~~~~~
conftest.c:64:1: note: 'memmove' is declared in header '<string.h>'
   63 | #include <limits.h>
   64 | #undef memmove
configure:8495: $? = 0
configure:8495: result: yes
configure:8501: checking for memset
configure:8501: gcc -o conftest -g -O2   conftest.c -ltinfo -lcrypt  >&5
conftest.c:73:6: warning: conflicting types for built-in function 'memset'; expected 'void *(void *, int,  long unsigned int)' [-Wbuiltin-declaration-mismatch]
   73 | char memset ();
      |      ^~~~~~
conftest.c:65:1: note: 'memset' is declared in header '<string.h>'
   64 | #include <limits.h>
   65 | #undef memset
configure:8501: $? = 0
configure:8501: result: yes
configure:8507: checking for mkstemp
configure:8507: gcc -o conftest -g -O2   conftest.c -ltinfo -lcrypt  >&5
configure:8507: $? = 0
configure:8507: result: yes
configure:8513: checking for nice
configure:8513: gcc -o conftest -g -O2   conftest.c -ltinfo -lcrypt  >&5
configure:8513: $? = 0
configure:8513: result: yes
configure:8519: checking for setproctitle
configure:8519: gcc -o conftest -g -O2   conftest.c -ltinfo -lcrypt  >&5
/usr/lib/gcc/x86_64-pc-linux-gnu/14/../../../../x86_64-pc-linux-gnu/bin/ld: /tmp/cc1XDyqs.o: in function `main':
/home/lomaster/Cfg/apps/tcsh/conftest.c:87:(.text.startup+0xb): undefined reference to `setproctitle'
collect2: error: ld returned 1 exit status
configure:8519: $? = 1
configure: failed program was:
| /* confdefs.h */
| #define PACKAGE_NAME "tcsh"
| #define PACKAGE_TARNAME "tcsh"
| #define PACKAGE_VERSION "6.24.00"
| #define PACKAGE_STRING "tcsh 6.24.00"
| #define PACKAGE_BUGREPORT "https://bugs.astron.com/"
| #define PACKAGE_URL ""
| #define HAVE_ICONV 1
| #define ICONV_CONST 
| #define HAVE_STDIO_H 1
| #define HAVE_STDLIB_H 1
| #define HAVE_STRING_H 1
| #define HAVE_INTTYPES_H 1
| #define HAVE_STDINT_H 1
| #define HAVE_STRINGS_H 1
| #define HAVE_SYS_STAT_H 1
| #define HAVE_SYS_TYPES_H 1
| #define HAVE_UNISTD_H 1
| #define STDC_HEADERS 1
| #define HAVE_CRYPT_H 1
| #define HAVE_FEATURES_H 1
| #define HAVE_INTTYPES_H 1
| #define HAVE_PATHS_H 1
| #define HAVE_SHADOW_H 1
| #define HAVE_STDINT_H 1
| #define HAVE_UTMP_H 1
| #define HAVE_UTMPX_H 1
| #define HAVE_WCHAR_H 1
| #define SIZEOF_WCHAR_T 4
| #define HAVE_WCTYPE_H 1
| #define HAVE_DIRENT_H 1
| #define HAVE_LONG_LONG 1
| #define GETGROUPS_T gid_t
| #define HAVE_STRUCT_DIRENT_D_INO 1
| #define HAVE_STRUCT_UTMP_UT_HOST 1
| #define HAVE_STRUCT_UTMP_UT_USER 1
| #define HAVE_STRUCT_UTMP_UT_TV 1
| #define HAVE_STRUCT_UTMPX_UT_HOST 1
| #define HAVE_STRUCT_UTMPX_UT_USER 1
| #define HAVE_STRUCT_UTMPX_UT_TV 1
| #define HAVE_STRUCT_SOCKADDR_STORAGE_SS_FAMILY 1
| #define HAVE_DECL_CRYPT 1
| #define HAVE_DECL_ENVIRON 1
| #define HAVE_DECL_GETHOSTNAME 1
| #define HAVE_DECL_GETPGRP 1
| #define HAVE_DUP2 1
| #define HAVE_GETCWD 1
| #define HAVE_GETHOSTNAME 1
| #define HAVE_GETPWENT 1
| #define HAVE_GETUTENT 1
| #define HAVE_GETUTXENT 1
| #define HAVE_MALLINFO 1
| #define HAVE_MALLINFO2 1
| #define HAVE_MBLEN 1
| #define HAVE_MEMMOVE 1
| #define HAVE_MEMSET 1
| #define HAVE_MKSTEMP 1
| #define HAVE_NICE 1
| /* end confdefs.h.  */
| /* Define setproctitle to an innocuous variant, in case <limits.h> declares setproctitle.
|    For example, HP-UX 11i <limits.h> declares gettimeofday.  */
| #define setproctitle innocuous_setproctitle
| 
| /* System header to define __stub macros and hopefully few prototypes,
|    which can conflict with char setproctitle (); below.  */
| 
| #include <limits.h>
| #undef setproctitle
| 
| /* Override any GCC internal prototype to avoid an error.
|    Use char because int might match the return type of a GCC
|    builtin and then its argument prototype would still apply.  */
| #ifdef __cplusplus
| extern "C"
| #endif
| char setproctitle ();
| /* The GNU C library defines this for functions which it implements
|     to always fail with ENOSYS.  Some functions are actually named
|     something starting with __ and the normal name is an alias.  */
| #if defined __stub_setproctitle || defined __stub___setproctitle
| choke me
| #endif
| 
| int
| main (void)
| {
| return setproctitle ();
|   ;
|   return 0;
| }
configure:8519: result: no
configure:8525: checking for nl_langinfo
configure:8525: gcc -o conftest -g -O2   conftest.c -ltinfo -lcrypt  >&5
configure:8525: $? = 0
configure:8525: result: yes
configure:8531: checking for sbrk
configure:8531: gcc -o conftest -g -O2   conftest.c -ltinfo -lcrypt  >&5
configure:8531: $? = 0
configure:8531: result: yes
configure:8537: checking for setpgid
configure:8537: gcc -o conftest -g -O2   conftest.c -ltinfo -lcrypt  >&5
configure:8537: $? = 0
configure:8537: result: yes
configure:8543: checking for setpriority
configure:8543: gcc -o conftest -g -O2   conftest.c -ltinfo -lcrypt  >&5
configure:8543: $? = 0
configure:8543: result: yes
configure:8549: checking for strerror
configure:8549: gcc -o conftest -g -O2   conftest.c -ltinfo -lcrypt  >&5
configure:8549: $? = 0
configure:8549: result: yes
configure:8555: checking for strstr
configure:8555: gcc -o conftest -g -O2   conftest.c -ltinfo -lcrypt  >&5
conftest.c:81:6: warning: conflicting types for built-in function 'strstr'; expected 'char *(const char *, const char *)' [-Wbuiltin-declaration-mismatch]
   81 | char strstr ();
      |      ^~~~~~
conftest.c:73:1: note: 'strstr' is declared in header '<string.h>'
   72 | #include <limits.h>
   73 | #undef strstr
configure:8555: $? = 0
configure:8555: result: yes
configure:8561: checking for sysconf
configure:8561: gcc -o conftest -g -O2   conftest.c -ltinfo -lcrypt  >&5
configure:8561: $? = 0
configure:8561: result: yes
configure:8567: checking for wcwidth
configure:8567: gcc -o conftest -g -O2   conftest.c -ltinfo -lcrypt  >&5
configure:8567: $? = 0
configure:8567: result: yes
configure:8574: checking whether getpgrp requires zero arguments
configure:8592: gcc -c -g -O2  conftest.c >&5
conftest.c: In function 'main':
conftest.c:99:1: error: too many arguments to function 'getpgrp'
   99 | getpgrp (0);
      | ^~~~~~~
In file included from conftest.c:94:
/usr/include/unistd.h:656:16: note: declared here
  656 | extern __pid_t getpgrp (void) __THROW;
      |                ^~~~~~~
configure:8592: $? = 1
configure: failed program was:
| /* confdefs.h */
| #define PACKAGE_NAME "tcsh"
| #define PACKAGE_TARNAME "tcsh"
| #define PACKAGE_VERSION "6.24.00"
| #define PACKAGE_STRING "tcsh 6.24.00"
| #define PACKAGE_BUGREPORT "https://bugs.astron.com/"
| #define PACKAGE_URL ""
| #define HAVE_ICONV 1
| #define ICONV_CONST 
| #define HAVE_STDIO_H 1
| #define HAVE_STDLIB_H 1
| #define HAVE_STRING_H 1
| #define HAVE_INTTYPES_H 1
| #define HAVE_STDINT_H 1
| #define HAVE_STRINGS_H 1
| #define HAVE_SYS_STAT_H 1
| #define HAVE_SYS_TYPES_H 1
| #define HAVE_UNISTD_H 1
| #define STDC_HEADERS 1
| #define HAVE_CRYPT_H 1
| #define HAVE_FEATURES_H 1
| #define HAVE_INTTYPES_H 1
| #define HAVE_PATHS_H 1
| #define HAVE_SHADOW_H 1
| #define HAVE_STDINT_H 1
| #define HAVE_UTMP_H 1
| #define HAVE_UTMPX_H 1
| #define HAVE_WCHAR_H 1
| #define SIZEOF_WCHAR_T 4
| #define HAVE_WCTYPE_H 1
| #define HAVE_DIRENT_H 1
| #define HAVE_LONG_LONG 1
| #define GETGROUPS_T gid_t
| #define HAVE_STRUCT_DIRENT_D_INO 1
| #define HAVE_STRUCT_UTMP_UT_HOST 1
| #define HAVE_STRUCT_UTMP_UT_USER 1
| #define HAVE_STRUCT_UTMP_UT_TV 1
| #define HAVE_STRUCT_UTMPX_UT_HOST 1
| #define HAVE_STRUCT_UTMPX_UT_USER 1
| #define HAVE_STRUCT_UTMPX_UT_TV 1
| #define HAVE_STRUCT_SOCKADDR_STORAGE_SS_FAMILY 1
| #define HAVE_DECL_CRYPT 1
| #define HAVE_DECL_ENVIRON 1
| #define HAVE_DECL_GETHOSTNAME 1
| #define HAVE_DECL_GETPGRP 1
| #define HAVE_DUP2 1
| #define HAVE_GETCWD 1
| #define HAVE_GETHOSTNAME 1
| #define HAVE_GETPWENT 1
| #define HAVE_GETUTENT 1
| #define HAVE_GETUTXENT 1
| #define HAVE_MALLINFO 1
| #define HAVE_MALLINFO2 1
| #define HAVE_MBLEN 1
| #define HAVE_MEMMOVE 1
| #define HAVE_MEMSET 1
| #define HAVE_MKSTEMP 1
| #define HAVE_NICE 1
| #define HAVE_NL_LANGINFO 1
| #define HAVE_SBRK 1
| #define HAVE_SETPGID 1
| #define HAVE_SETPRIORITY 1
| #define HAVE_STRERROR 1
| #define HAVE_STRSTR 1
| #define HAVE_SYSCONF 1
| #define HAVE_WCWIDTH 1
| /* end confdefs.h.  */
| #include <stddef.h>
| #ifdef HAVE_STDIO_H
| # include <stdio.h>
| #endif
| #ifdef HAVE_STDLIB_H
| # include <stdlib.h>
| #endif
| #ifdef HAVE_STRING_H
| # include <string.h>
| #endif
| #ifdef HAVE_INTTYPES_H
| # include <inttypes.h>
| #endif
| #ifdef HAVE_STDINT_H
| # include <stdint.h>
| #endif
| #ifdef HAVE_STRINGS_H
| # include <strings.h>
| #endif
| #ifdef HAVE_SYS_TYPES_H
| # include <sys/types.h>
| #endif
| #ifdef HAVE_SYS_STAT_H
| # include <sys/stat.h>
| #endif
| #ifdef HAVE_UNISTD_H
| # include <unistd.h>
| #endif
| int
| main (void)
| {
| getpgrp (0);
|   ;
|   return 0;
| }
configure:8601: result: yes
configure:8610: checking whether mbrtowc and mbstate_t are properly declared
configure:8631: gcc -o conftest -g -O2   conftest.c -ltinfo -lcrypt  >&5
configure:8631: $? = 0
configure:8640: result: yes
configure:8649: checking whether setpgrp requires zero arguments
configure:8667: gcc -c -g -O2  conftest.c >&5
conftest.c: In function 'main':
conftest.c:101:1: error: too many arguments to function 'setpgrp'
  101 | setpgrp(0, 0);
      | ^~~~~~~
In file included from conftest.c:96:
/usr/include/unistd.h:682:12: note: declared here
  682 | extern int setpgrp (void) __THROW;
      |            ^~~~~~~
configure:8667: $? = 1
configure: failed program was:
| /* confdefs.h */
| #define PACKAGE_NAME "tcsh"
| #define PACKAGE_TARNAME "tcsh"
| #define PACKAGE_VERSION "6.24.00"
| #define PACKAGE_STRING "tcsh 6.24.00"
| #define PACKAGE_BUGREPORT "https://bugs.astron.com/"
| #define PACKAGE_URL ""
| #define HAVE_ICONV 1
| #define ICONV_CONST 
| #define HAVE_STDIO_H 1
| #define HAVE_STDLIB_H 1
| #define HAVE_STRING_H 1
| #define HAVE_INTTYPES_H 1
| #define HAVE_STDINT_H 1
| #define HAVE_STRINGS_H 1
| #define HAVE_SYS_STAT_H 1
| #define HAVE_SYS_TYPES_H 1
| #define HAVE_UNISTD_H 1
| #define STDC_HEADERS 1
| #define HAVE_CRYPT_H 1
| #define HAVE_FEATURES_H 1
| #define HAVE_INTTYPES_H 1
| #define HAVE_PATHS_H 1
| #define HAVE_SHADOW_H 1
| #define HAVE_STDINT_H 1
| #define HAVE_UTMP_H 1
| #define HAVE_UTMPX_H 1
| #define HAVE_WCHAR_H 1
| #define SIZEOF_WCHAR_T 4
| #define HAVE_WCTYPE_H 1
| #define HAVE_DIRENT_H 1
| #define HAVE_LONG_LONG 1
| #define GETGROUPS_T gid_t
| #define HAVE_STRUCT_DIRENT_D_INO 1
| #define HAVE_STRUCT_UTMP_UT_HOST 1
| #define HAVE_STRUCT_UTMP_UT_USER 1
| #define HAVE_STRUCT_UTMP_UT_TV 1
| #define HAVE_STRUCT_UTMPX_UT_HOST 1
| #define HAVE_STRUCT_UTMPX_UT_USER 1
| #define HAVE_STRUCT_UTMPX_UT_TV 1
| #define HAVE_STRUCT_SOCKADDR_STORAGE_SS_FAMILY 1
| #define HAVE_DECL_CRYPT 1
| #define HAVE_DECL_ENVIRON 1
| #define HAVE_DECL_GETHOSTNAME 1
| #define HAVE_DECL_GETPGRP 1
| #define HAVE_DUP2 1
| #define HAVE_GETCWD 1
| #define HAVE_GETHOSTNAME 1
| #define HAVE_GETPWENT 1
| #define HAVE_GETUTENT 1
| #define HAVE_GETUTXENT 1
| #define HAVE_MALLINFO 1
| #define HAVE_MALLINFO2 1
| #define HAVE_MBLEN 1
| #define HAVE_MEMMOVE 1
| #define HAVE_MEMSET 1
| #define HAVE_MKSTEMP 1
| #define HAVE_NICE 1
| #define HAVE_NL_LANGINFO 1
| #define HAVE_SBRK 1
| #define HAVE_SETPGID 1
| #define HAVE_SETPRIORITY 1
| #define HAVE_STRERROR 1
| #define HAVE_STRSTR 1
| #define HAVE_SYSCONF 1
| #define HAVE_WCWIDTH 1
| #define GETPGRP_VOID 1
| #define HAVE_MBRTOWC 1
| /* end confdefs.h.  */
| #include <stddef.h>
| #ifdef HAVE_STDIO_H
| # include <stdio.h>
| #endif
| #ifdef HAVE_STDLIB_H
| # include <stdlib.h>
| #endif
| #ifdef HAVE_STRING_H
| # include <string.h>
| #endif
| #ifdef HAVE_INTTYPES_H
| # include <inttypes.h>
| #endif
| #ifdef HAVE_STDINT_H
| # include <stdint.h>
| #endif
| #ifdef HAVE_STRINGS_H
| # include <strings.h>
| #endif
| #ifdef HAVE_SYS_TYPES_H
| # include <sys/types.h>
| #endif
| #ifdef HAVE_SYS_STAT_H
| # include <sys/stat.h>
| #endif
| #ifdef HAVE_UNISTD_H
| # include <unistd.h>
| #endif
| int
| main (void)
| {
| setpgrp(0, 0);
|   ;
|   return 0;
| }
configure:8676: result: yes
configure:8687: checking for working strcoll
configure:8715: gcc -o conftest -g -O2   conftest.c -ltinfo -lcrypt  >&5
configure:8715: $? = 0
configure:8715: ./conftest
configure:8715: $? = 0
configure:8726: result: yes
configure:8947: creating ./config.status

## ---------------------- ##
## Running config.status. ##
## ---------------------- ##

This file was extended by tcsh config.status 6.24.00, which was
generated by GNU Autoconf 2.71.  Invocation command line was

  CONFIG_FILES    = 
  CONFIG_HEADERS  = 
  CONFIG_LINKS    = 
  CONFIG_COMMANDS = 
  $ ./config.status 

on ktotonokto

config.status:879: creating Makefile
config.status:879: creating nls/Makefile
config.status:879: creating config.h
config.status:1054: config.h is unchanged
config.status:1068: executing ./atconfig commands

## ---------------- ##
## Cache variables. ##
## ---------------- ##

ac_cv_build=x86_64-pc-linux-gnu
ac_cv_c_compiler_gnu=yes
ac_cv_c_const=yes
ac_cv_c_uint32_t=yes
ac_cv_c_undeclared_builtin_options='none needed'
ac_cv_c_volatile=yes
ac_cv_env_CC_set=
ac_cv_env_CC_value=
ac_cv_env_CFLAGS_set=
ac_cv_env_CFLAGS_value=
ac_cv_env_CPPFLAGS_set=
ac_cv_env_CPPFLAGS_value=
ac_cv_env_CPP_set=
ac_cv_env_CPP_value=
ac_cv_env_LDFLAGS_set=
ac_cv_env_LDFLAGS_value=
ac_cv_env_LIBS_set=
ac_cv_env_LIBS_value=
ac_cv_env_build_alias_set=
ac_cv_env_build_alias_value=
ac_cv_env_host_alias_set=
ac_cv_env_host_alias_value=
ac_cv_env_target_alias_set=
ac_cv_env_target_alias_value=
ac_cv_func_catgets=yes
ac_cv_func_dup2=yes
ac_cv_func_getauthid=no
ac_cv_func_getcwd=yes
ac_cv_func_gethostname=yes
ac_cv_func_getpgrp_void=yes
ac_cv_func_getpwent=yes
ac_cv_func_getutent=yes
ac_cv_func_getutxent=yes
ac_cv_func_mallinfo2=yes
ac_cv_func_mallinfo=yes
ac_cv_func_mblen=yes
ac_cv_func_mbrtowc=yes
ac_cv_func_memmove=yes
ac_cv_func_memset=yes
ac_cv_func_mkstemp=yes
ac_cv_func_nice=yes
ac_cv_func_nl_langinfo=yes
ac_cv_func_sbrk=yes
ac_cv_func_setlocale=yes
ac_cv_func_setpgid=yes
ac_cv_func_setpgrp_void=yes
ac_cv_func_setpriority=yes
ac_cv_func_setproctitle=no
ac_cv_func_strcoll_works=yes
ac_cv_func_strerror=yes
ac_cv_func_strstr=yes
ac_cv_func_sysconf=yes
ac_cv_func_wcwidth=yes
ac_cv_have_decl_crypt=yes
ac_cv_have_decl_environ=yes
ac_cv_have_decl_gethostname=yes
ac_cv_have_decl_getpgrp=yes
ac_cv_header_auth_h=no
ac_cv_header_crypt_h=yes
ac_cv_header_dirent_dirent_h=yes
ac_cv_header_features_h=yes
ac_cv_header_inttypes_h=yes
ac_cv_header_paths_h=yes
ac_cv_header_shadow_h=yes
ac_cv_header_stat_broken=no
ac_cv_header_stdint_h=yes
ac_cv_header_stdio_h=yes
ac_cv_header_stdlib_h=yes
ac_cv_header_string_h=yes
ac_cv_header_strings_h=yes
ac_cv_header_sys_stat_h=yes
ac_cv_header_sys_types_h=yes
ac_cv_header_unistd_h=yes
ac_cv_header_utmp_h=yes
ac_cv_header_utmpx_h=yes
ac_cv_header_wchar_h=yes
ac_cv_header_wctype_h=yes
ac_cv_host=x86_64-pc-linux-gnu
ac_cv_host_system_type=x86_64-pc-linux-gnu
ac_cv_member_struct_dirent_d_ino=yes
ac_cv_member_struct_sockaddr_storage_ss_family=yes
ac_cv_member_struct_utmp_ut_host=yes
ac_cv_member_struct_utmp_ut_tv=yes
ac_cv_member_struct_utmp_ut_user=yes
ac_cv_member_struct_utmp_ut_xtime=no
ac_cv_member_struct_utmpx_ut_host=yes
ac_cv_member_struct_utmpx_ut_tv=yes
ac_cv_member_struct_utmpx_ut_user=yes
ac_cv_member_struct_utmpx_ut_xtime=no
ac_cv_objext=o
ac_cv_path_EGREP='/usr/sbin/grep -E'
ac_cv_path_GENCAT=/usr/sbin/gencat
ac_cv_path_GREP=/usr/sbin/grep
ac_cv_path_install='/usr/bin/install -c'
ac_cv_prog_CPP='gcc -E'
ac_cv_prog_ac_ct_CC=gcc
ac_cv_prog_cc_c11=
ac_cv_prog_cc_g=yes
ac_cv_prog_cc_stdc=
ac_cv_prog_gcc_traditional=no
ac_cv_search_catgets='none required'
ac_cv_search_connect='none required'
ac_cv_search_crypt=-lcrypt
ac_cv_search_gethostbyname='none required'
ac_cv_search_getspnam='none required'
ac_cv_search_opendir='none required'
ac_cv_search_tgetent=-ltinfo
ac_cv_sizeof_wchar_t=4
ac_cv_type_getgroups=gid_t
ac_cv_type_long_long=yes
ac_cv_type_mode_t=yes
ac_cv_type_size_t=yes
ac_cv_type_socklen_t=yes
ac_cv_type_ssize_t=yes
ac_cv_type_uid_t=yes
acl_cv_hardcode_direct=no
acl_cv_hardcode_libdir_flag_spec='${wl}-rpath ${wl}$libdir'
acl_cv_hardcode_libdir_separator=
acl_cv_hardcode_minus_L=no
acl_cv_libdirstems=lib,lib,lib64
acl_cv_libext=a
acl_cv_path_LD=/usr/x86_64-pc-linux-gnu/bin/ld
acl_cv_prog_gnu_ld=yes
acl_cv_rpath=done
acl_cv_shlibext=so
acl_cv_wl=-Wl,
am_cv_func_iconv=yes
am_cv_func_iconv_works=yes
am_cv_lib_iconv=no
am_cv_proto_iconv='extern size_t iconv (iconv_t cd, char * *inbuf, size_t *inbytesleft, char * *outbuf, size_t *outbytesleft);'
am_cv_proto_iconv_arg1=
gl_cv_elf=yes
gl_cv_host_cpu_c_abi_32bit=no

## ----------------- ##
## Output variables. ##
## ----------------- ##

BUILD_CATALOGS='yes'
CC='gcc'
CC_FOR_GETHOST='$(CC)'
CFLAGS='-g -O2'
CPP='gcc -E'
CPPFLAGS=''
DEFS='-DHAVE_CONFIG_H'
DFLAGS=''
ECHO_C=''
ECHO_N='-n'
ECHO_T=''
EGREP='/usr/sbin/grep -E'
EXEEXT=''
GENCAT='/usr/sbin/gencat'
GREP='/usr/sbin/grep'
HESDEF=''
HESLIB=''
INSTALL_DATA='${INSTALL} -m 644'
INSTALL_PROGRAM='${INSTALL}'
INSTALL_SCRIPT='${INSTALL}'
LDFLAGS=''
LIBICONV=''
LIBOBJS=''
LIBS='-ltinfo -lcrypt '
LTLIBICONV=''
LTLIBOBJS=''
OBJEXT='o'
PACKAGE_BUGREPORT='https://bugs.astron.com/'
PACKAGE_NAME='tcsh'
PACKAGE_STRING='tcsh 6.24.00'
PACKAGE_TARNAME='tcsh'
PACKAGE_URL=''
PACKAGE_VERSION='6.24.00'
PATH_SEPARATOR=':'
SHELL='/bin/sh'
ac_ct_CC='gcc'
bindir='${exec_prefix}/bin'
build='x86_64-pc-linux-gnu'
build_alias=''
build_cpu='x86_64'
build_os='linux-gnu'
build_vendor='pc'
datadir='${datarootdir}'
datarootdir='${prefix}/share'
docdir='${datarootdir}/doc/${PACKAGE_TARNAME}'
dvidir='${docdir}'
exec_prefix='${prefix}'
host='x86_64-pc-linux-gnu'
host_alias=''
host_cpu='x86_64'
host_os='linux-gnu'
host_vendor='pc'
htmldir='${docdir}'
includedir='${prefix}/include'
infodir='${datarootdir}/info'
libdir='${exec_prefix}/lib'
libexecdir='${exec_prefix}/libexec'
localedir='${datarootdir}/locale'
localstatedir='${prefix}/var'
mandir='${datarootdir}/man'
oldincludedir='/usr/include'
pdfdir='${docdir}'
prefix='/usr/local'
program_transform_name='s,x,x,'
psdir='${docdir}'
runstatedir='${localstatedir}/run'
sbindir='${exec_prefix}/sbin'
sharedstatedir='${prefix}/com'
sysconfdir='${prefix}/etc'
target_alias=''

## ----------- ##
## confdefs.h. ##
## ----------- ##

/* confdefs.h */
#define PACKAGE_NAME "tcsh"
#define PACKAGE_TARNAME "tcsh"
#define PACKAGE_VERSION "6.24.00"
#define PACKAGE_STRING "tcsh 6.24.00"
#define PACKAGE_BUGREPORT "https://bugs.astron.com/"
#define PACKAGE_URL ""
#define HAVE_ICONV 1
#define ICONV_CONST 
#define HAVE_STDIO_H 1
#define HAVE_STDLIB_H 1
#define HAVE_STRING_H 1
#define HAVE_INTTYPES_H 1
#define HAVE_STDINT_H 1
#define HAVE_STRINGS_H 1
#define HAVE_SYS_STAT_H 1
#define HAVE_SYS_TYPES_H 1
#define HAVE_UNISTD_H 1
#define STDC_HEADERS 1
#define HAVE_CRYPT_H 1
#define HAVE_FEATURES_H 1
#define HAVE_INTTYPES_H 1
#define HAVE_PATHS_H 1
#define HAVE_SHADOW_H 1
#define HAVE_STDINT_H 1
#define HAVE_UTMP_H 1
#define HAVE_UTMPX_H 1
#define HAVE_WCHAR_H 1
#define SIZEOF_WCHAR_T 4
#define HAVE_WCTYPE_H 1
#define HAVE_DIRENT_H 1
#define HAVE_LONG_LONG 1
#define GETGROUPS_T gid_t
#define HAVE_STRUCT_DIRENT_D_INO 1
#define HAVE_STRUCT_UTMP_UT_HOST 1
#define HAVE_STRUCT_UTMP_UT_USER 1
#define HAVE_STRUCT_UTMP_UT_TV 1
#define HAVE_STRUCT_UTMPX_UT_HOST 1
#define HAVE_STRUCT_UTMPX_UT_USER 1
#define HAVE_STRUCT_UTMPX_UT_TV 1
#define HAVE_STRUCT_SOCKADDR_STORAGE_SS_FAMILY 1
#define HAVE_DECL_CRYPT 1
#define HAVE_DECL_ENVIRON 1
#define HAVE_DECL_GETHOSTNAME 1
#define HAVE_DECL_GETPGRP 1
#define HAVE_DUP2 1
#define HAVE_GETCWD 1
#define HAVE_GETHOSTNAME 1
#define HAVE_GETPWENT 1
#define HAVE_GETUTENT 1
#define HAVE_GETUTXENT 1
#define HAVE_MALLINFO 1
#define HAVE_MALLINFO2 1
#define HAVE_MBLEN 1
#define HAVE_MEMMOVE 1
#define HAVE_MEMSET 1
#define HAVE_MKSTEMP 1
#define HAVE_NICE 1
#define HAVE_NL_LANGINFO 1
#define HAVE_SBRK 1
#define HAVE_SETPGID 1
#define HAVE_SETPRIORITY 1
#define HAVE_STRERROR 1
#define HAVE_STRSTR 1
#define HAVE_SYSCONF 1
#define HAVE_WCWIDTH 1
#define GETPGRP_VOID 1
#define HAVE_MBRTOWC 1
#define SETPGRP_VOID 1
#define HAVE_STRCOLL 1
#define NLS 1
#define NLS_CATALOGS 1

configure: exit 0
